{"C:\\Users\\sarah\\Documents\\Ynov\\devAPI\\metacriticGame\\metacritic_game\\api_metacritic_game\\db.config.js": {"path":"C:\\Users\\sarah\\Documents\\Ynov\\devAPI\\metacriticGame\\metacritic_game\\api_metacritic_game\\db.config.js","statementMap":{"0":{"start":{"line":1,"column":0},"end":{"line":7,"column":1}}},"fnMap":{},"branchMap":{},"s":{"0":1},"f":{},"b":{},"_coverageSchema":"1a1c01bbd47fc00a2c39e90264f33305004495a9","hash":"efd9d066bed8212060f2699382be9e439fd7b359"}
,"C:\\Users\\sarah\\Documents\\Ynov\\devAPI\\metacriticGame\\metacritic_game\\api_metacritic_game\\models\\criticsEditorsModel.js": {"path":"C:\\Users\\sarah\\Documents\\Ynov\\devAPI\\metacriticGame\\metacritic_game\\api_metacritic_game\\models\\criticsEditorsModel.js","statementMap":{"0":{"start":{"line":1,"column":22},"end":{"line":1,"column":42}},"1":{"start":{"line":3,"column":0},"end":{"line":35,"column":2}},"2":{"start":{"line":4,"column":2},"end":{"line":34,"column":4}}},"fnMap":{"0":{"name":"(anonymous_0)","decl":{"start":{"line":3,"column":17},"end":{"line":3,"column":18}},"loc":{"start":{"line":3,"column":31},"end":{"line":35,"column":1}},"line":3}},"branchMap":{},"s":{"0":1,"1":1,"2":1},"f":{"0":1},"b":{},"_coverageSchema":"1a1c01bbd47fc00a2c39e90264f33305004495a9","hash":"832e1f9917e20d2ade559131ae1549276f3fe751"}
,"C:\\Users\\sarah\\Documents\\Ynov\\devAPI\\metacriticGame\\metacritic_game\\api_metacritic_game\\models\\criticsUsersModel.js": {"path":"C:\\Users\\sarah\\Documents\\Ynov\\devAPI\\metacriticGame\\metacritic_game\\api_metacritic_game\\models\\criticsUsersModel.js","statementMap":{"0":{"start":{"line":1,"column":22},"end":{"line":1,"column":42}},"1":{"start":{"line":3,"column":0},"end":{"line":35,"column":2}},"2":{"start":{"line":4,"column":2},"end":{"line":34,"column":4}}},"fnMap":{"0":{"name":"(anonymous_0)","decl":{"start":{"line":3,"column":17},"end":{"line":3,"column":18}},"loc":{"start":{"line":3,"column":31},"end":{"line":35,"column":1}},"line":3}},"branchMap":{},"s":{"0":1,"1":1,"2":1},"f":{"0":1},"b":{},"_coverageSchema":"1a1c01bbd47fc00a2c39e90264f33305004495a9","hash":"2af4b5a3dd551d229c4860951b4f3b7e78ab7d30"}
,"C:\\Users\\sarah\\Documents\\Ynov\\devAPI\\metacriticGame\\metacritic_game\\api_metacritic_game\\models\\editorsModel.js": {"path":"C:\\Users\\sarah\\Documents\\Ynov\\devAPI\\metacriticGame\\metacritic_game\\api_metacritic_game\\models\\editorsModel.js","statementMap":{"0":{"start":{"line":1,"column":22},"end":{"line":1,"column":42}},"1":{"start":{"line":3,"column":0},"end":{"line":31,"column":2}},"2":{"start":{"line":4,"column":2},"end":{"line":30,"column":4}}},"fnMap":{"0":{"name":"(anonymous_0)","decl":{"start":{"line":3,"column":17},"end":{"line":3,"column":18}},"loc":{"start":{"line":3,"column":31},"end":{"line":31,"column":1}},"line":3}},"branchMap":{},"s":{"0":1,"1":1,"2":1},"f":{"0":1},"b":{},"_coverageSchema":"1a1c01bbd47fc00a2c39e90264f33305004495a9","hash":"2715746d013dc7c9be9f624152a90265afb75873"}
,"C:\\Users\\sarah\\Documents\\Ynov\\devAPI\\metacriticGame\\metacritic_game\\api_metacritic_game\\models\\indexModel.js": {"path":"C:\\Users\\sarah\\Documents\\Ynov\\devAPI\\metacriticGame\\metacritic_game\\api_metacritic_game\\models\\indexModel.js","statementMap":{"0":{"start":{"line":1,"column":22},"end":{"line":1,"column":42}},"1":{"start":{"line":2,"column":17},"end":{"line":2,"column":40}},"2":{"start":{"line":4,"column":17},"end":{"line":13,"column":1}},"3":{"start":{"line":15,"column":0},"end":{"line":22,"column":1}},"4":{"start":{"line":24,"column":0},"end":{"line":24,"column":85}},"5":{"start":{"line":25,"column":0},"end":{"line":25,"column":87}},"6":{"start":{"line":26,"column":0},"end":{"line":26,"column":89}},"7":{"start":{"line":27,"column":0},"end":{"line":27,"column":89}}},"fnMap":{},"branchMap":{},"s":{"0":1,"1":1,"2":1,"3":1,"4":1,"5":1,"6":1,"7":1},"f":{},"b":{},"_coverageSchema":"1a1c01bbd47fc00a2c39e90264f33305004495a9","hash":"8a7c66d8c4ddad2693ed4fc804c71d9a8ba9837c"}
,"C:\\Users\\sarah\\Documents\\Ynov\\devAPI\\metacriticGame\\metacritic_game\\api_metacritic_game\\models\\reviewsModel.js": {"path":"C:\\Users\\sarah\\Documents\\Ynov\\devAPI\\metacriticGame\\metacritic_game\\api_metacritic_game\\models\\reviewsModel.js","statementMap":{"0":{"start":{"line":1,"column":22},"end":{"line":1,"column":42}},"1":{"start":{"line":3,"column":0},"end":{"line":38,"column":2}},"2":{"start":{"line":4,"column":2},"end":{"line":37,"column":4}}},"fnMap":{"0":{"name":"(anonymous_0)","decl":{"start":{"line":3,"column":17},"end":{"line":3,"column":18}},"loc":{"start":{"line":3,"column":31},"end":{"line":38,"column":1}},"line":3}},"branchMap":{},"s":{"0":1,"1":1,"2":1},"f":{"0":1},"b":{},"_coverageSchema":"1a1c01bbd47fc00a2c39e90264f33305004495a9","hash":"72fbe29bfccb552d558184a38a6e39a6a0b66b90"}
,"C:\\Users\\sarah\\Documents\\Ynov\\devAPI\\metacriticGame\\metacritic_game\\api_metacritic_game\\models\\usersModel.js": {"path":"C:\\Users\\sarah\\Documents\\Ynov\\devAPI\\metacriticGame\\metacritic_game\\api_metacritic_game\\models\\usersModel.js","statementMap":{"0":{"start":{"line":1,"column":22},"end":{"line":1,"column":42}},"1":{"start":{"line":3,"column":0},"end":{"line":31,"column":2}},"2":{"start":{"line":4,"column":2},"end":{"line":30,"column":4}}},"fnMap":{"0":{"name":"(anonymous_0)","decl":{"start":{"line":3,"column":17},"end":{"line":3,"column":18}},"loc":{"start":{"line":3,"column":31},"end":{"line":31,"column":1}},"line":3}},"branchMap":{},"s":{"0":1,"1":1,"2":1},"f":{"0":1},"b":{},"_coverageSchema":"1a1c01bbd47fc00a2c39e90264f33305004495a9","hash":"b76bb62ceb9b3a1fc08c089d5294efc4d7ef2155"}
,"C:\\Users\\sarah\\Documents\\Ynov\\devAPI\\metacriticGame\\metacritic_game\\api_metacritic_game\\services\\usersService.js": {"path":"C:\\Users\\sarah\\Documents\\Ynov\\devAPI\\metacriticGame\\metacritic_game\\api_metacritic_game\\services\\usersService.js","statementMap":{"0":{"start":{"line":1,"column":11},"end":{"line":1,"column":42}},"1":{"start":{"line":3,"column":0},"end":{"line":7,"column":2}},"2":{"start":{"line":4,"column":2},"end":{"line":6,"column":5}},"3":{"start":{"line":9,"column":0},"end":{"line":11,"column":2}},"4":{"start":{"line":10,"column":2},"end":{"line":10,"column":60}},"5":{"start":{"line":13,"column":0},"end":{"line":20,"column":2}},"6":{"start":{"line":14,"column":2},"end":{"line":19,"column":5}},"7":{"start":{"line":22,"column":0},"end":{"line":31,"column":2}},"8":{"start":{"line":23,"column":2},"end":{"line":30,"column":4}},"9":{"start":{"line":33,"column":0},"end":{"line":39,"column":2}},"10":{"start":{"line":34,"column":2},"end":{"line":38,"column":5}}},"fnMap":{"0":{"name":"(anonymous_0)","decl":{"start":{"line":3,"column":19},"end":{"line":3,"column":20}},"loc":{"start":{"line":3,"column":31},"end":{"line":7,"column":1}},"line":3},"1":{"name":"(anonymous_1)","decl":{"start":{"line":9,"column":18},"end":{"line":9,"column":19}},"loc":{"start":{"line":9,"column":53},"end":{"line":11,"column":1}},"line":9},"2":{"name":"(anonymous_2)","decl":{"start":{"line":13,"column":22},"end":{"line":13,"column":23}},"loc":{"start":{"line":13,"column":37},"end":{"line":20,"column":1}},"line":13},"3":{"name":"(anonymous_3)","decl":{"start":{"line":22,"column":18},"end":{"line":22,"column":19}},"loc":{"start":{"line":22,"column":64},"end":{"line":31,"column":1}},"line":22},"4":{"name":"(anonymous_4)","decl":{"start":{"line":33,"column":25},"end":{"line":33,"column":26}},"loc":{"start":{"line":33,"column":40},"end":{"line":39,"column":1}},"line":33}},"branchMap":{},"s":{"0":1,"1":1,"2":1,"3":1,"4":0,"5":1,"6":0,"7":1,"8":0,"9":1,"10":0},"f":{"0":1,"1":0,"2":0,"3":0,"4":0},"b":{},"_coverageSchema":"1a1c01bbd47fc00a2c39e90264f33305004495a9","hash":"9a7f6a4c88c0d54f46ebfb13d5dc1be61b6a2a5c"}
}
